build/app/intermediates/manifest_merge_blame_file/debug/manifest-merger-blame-debug-report.txt
1<?xml version="1.0" encoding="utf-8"?>
2<manifest xmlns:android="http://schemas.android.com/apk/res/android"
3    package="com.mlh.spot_me"
4    android:versionCode="1"
5    android:versionName="1.0.0" >
6
7    <uses-sdk
8        android:minSdkVersion="21"
9        android:targetSdkVersion="29" />
10    <!--
11         Flutter needs it to communicate with the running application
12         to allow setting breakpoints, to provide hot reload, etc.
13    -->
14    <uses-permission android:name="android.permission.INTERNET" />
14-->src\debug\AndroidManifest.xml:6:5-66
14-->src\debug\AndroidManifest.xml:6:22-64
15    <uses-permission android:name="android.permission.ACCESS_COARSE_LOCATION" />
15-->[:location] AndroidManifest.xml:7:5-81
15-->[:location] AndroidManifest.xml:7:22-78
16    <uses-permission android:name="android.permission.ACCESS_FINE_LOCATION" />
16-->[:location] AndroidManifest.xml:8:5-79
16-->[:location] AndroidManifest.xml:8:22-76
17    <uses-permission android:name="android.permission.ACCESS_NETWORK_STATE" />
17-->[:firebase_analytics] AndroidManifest.xml:7:5-79
17-->[:firebase_analytics] AndroidManifest.xml:7:22-76
18    <uses-permission android:name="android.permission.WAKE_LOCK" />
18-->[:firebase_analytics] AndroidManifest.xml:9:5-68
18-->[:firebase_analytics] AndroidManifest.xml:9:22-65
19
20    <uses-feature
20-->[com.google.android.gms:play-services-maps:17.0.0] AndroidManifest.xml:26:5-28:35
21        android:glEsVersion="0x00020000"
21-->[com.google.android.gms:play-services-maps:17.0.0] AndroidManifest.xml:27:9-41
22        android:required="true" />
22-->[com.google.android.gms:play-services-maps:17.0.0] AndroidManifest.xml:28:9-32
23
24    <uses-permission android:name="com.google.android.finsky.permission.BIND_GET_INSTALL_REFERRER_SERVICE" />
24-->[com.google.android.gms:play-services-measurement:18.0.0] AndroidManifest.xml:26:5-110
24-->[com.google.android.gms:play-services-measurement:18.0.0] AndroidManifest.xml:26:22-107
25
26    <application
26-->src\main\AndroidManifest.xml:3:4-40:19
27        android:appComponentFactory="androidx.core.app.CoreComponentFactory"
27-->[androidx.core:core:1.1.0] AndroidManifest.xml:24:18-86
28        android:debuggable="true"
29        android:icon="@mipmap/ic_launcher"
29-->src\main\AndroidManifest.xml:5:9-43
30        android:label="spot_me" >
30-->src\main\AndroidManifest.xml:4:9-32
31        <activity
31-->src\main\AndroidManifest.xml:6:9-34:20
32            android:name="com.mlh.spot_me.MainActivity"
32-->src\main\AndroidManifest.xml:7:13-41
33            android:configChanges="orientation|keyboardHidden|keyboard|screenSize|smallestScreenSize|locale|layoutDirection|fontScale|screenLayout|density|uiMode"
33-->src\main\AndroidManifest.xml:10:13-163
34            android:hardwareAccelerated="true"
34-->src\main\AndroidManifest.xml:11:13-47
35            android:launchMode="singleTop"
35-->src\main\AndroidManifest.xml:8:13-43
36            android:theme="@style/LaunchTheme"
36-->src\main\AndroidManifest.xml:9:13-47
37            android:windowSoftInputMode="adjustResize" >
37-->src\main\AndroidManifest.xml:12:13-55
38
39            <!--
40                 Specifies an Android theme to apply to this Activity as soon as
41                 the Android process has started. This theme is visible to the user
42                 while the Flutter UI initializes. After that, this theme continues
43                 to determine the Window background behind the Flutter UI.
44            -->
45            <meta-data
45-->src\main\AndroidManifest.xml:17:13-20:17
46                android:name="io.flutter.embedding.android.NormalTheme"
46-->src\main\AndroidManifest.xml:18:15-70
47                android:resource="@style/NormalTheme" />
47-->src\main\AndroidManifest.xml:19:15-52
48            <!--
49                 Displays an Android View that continues showing the launch screen
50                 Drawable until Flutter paints its first frame, then this splash
51                 screen fades out. A splash screen is useful to avoid any visual
52                 gap between the end of Android's launch screen and the painting of
53                 Flutter's first frame.
54            -->
55            <meta-data
55-->src\main\AndroidManifest.xml:26:13-29:17
56                android:name="io.flutter.embedding.android.SplashScreenDrawable"
56-->src\main\AndroidManifest.xml:27:15-79
57                android:resource="@drawable/launch_background" />
57-->src\main\AndroidManifest.xml:28:15-61
58
59            <intent-filter>
59-->src\main\AndroidManifest.xml:30:13-33:29
60                <action android:name="android.intent.action.MAIN" />
60-->src\main\AndroidManifest.xml:31:17-68
60-->src\main\AndroidManifest.xml:31:25-66
61
62                <category android:name="android.intent.category.LAUNCHER" />
62-->src\main\AndroidManifest.xml:32:17-76
62-->src\main\AndroidManifest.xml:32:27-74
63            </intent-filter>
64        </activity>
65        <!--
66             Don't delete the meta-data below.
67             This is used by the Flutter tool to generate GeneratedPluginRegistrant.java
68        -->
69        <meta-data
69-->src\main\AndroidManifest.xml:37:9-39:33
70            android:name="flutterEmbedding"
70-->src\main\AndroidManifest.xml:38:13-44
71            android:value="2" />
71-->src\main\AndroidManifest.xml:39:13-30
72
73        <service
73-->[:firebase_crashlytics] AndroidManifest.xml:8:9-12:19
74            android:name="com.google.firebase.components.ComponentDiscoveryService"
74-->[:firebase_crashlytics] AndroidManifest.xml:8:18-89
75            android:directBootAware="true"
75-->[com.google.firebase:firebase-common:19.4.0] AndroidManifest.xml:35:13-43
76            android:exported="false" >
76-->[com.google.firebase:firebase-analytics-ktx:18.0.0] AndroidManifest.xml:10:13-37
77            <meta-data
77-->[:firebase_crashlytics] AndroidManifest.xml:9:13-11:85
78                android:name="com.google.firebase.components:io.flutter.plugins.firebase.crashlytics.FlutterFirebaseAppRegistrar"
78-->[:firebase_crashlytics] AndroidManifest.xml:10:17-130
79                android:value="com.google.firebase.components.ComponentRegistrar" />
79-->[:firebase_crashlytics] AndroidManifest.xml:11:17-82
80            <meta-data
80-->[:firebase_analytics] AndroidManifest.xml:13:13-15:85
81                android:name="com.google.firebase.components:io.flutter.plugins.firebaseanalytics.FlutterFirebaseAppRegistrar"
81-->[:firebase_analytics] AndroidManifest.xml:14:17-127
82                android:value="com.google.firebase.components.ComponentRegistrar" />
82-->[:firebase_analytics] AndroidManifest.xml:15:17-82
83            <meta-data
83-->[:cloud_firestore] AndroidManifest.xml:9:13-11:85
84                android:name="com.google.firebase.components:io.flutter.plugins.firebase.firestore.FlutterFirebaseFirestoreRegistrar"
84-->[:cloud_firestore] AndroidManifest.xml:10:17-134
85                android:value="com.google.firebase.components.ComponentRegistrar" />
85-->[:cloud_firestore] AndroidManifest.xml:11:17-82
86            <meta-data
86-->[:firebase_core] AndroidManifest.xml:9:13-11:85
87                android:name="com.google.firebase.components:io.flutter.plugins.firebase.core.FlutterFirebaseCoreRegistrar"
87-->[:firebase_core] AndroidManifest.xml:10:17-124
88                android:value="com.google.firebase.components.ComponentRegistrar" />
88-->[:firebase_core] AndroidManifest.xml:11:17-82
89            <meta-data
89-->[com.google.firebase:firebase-analytics-ktx:18.0.0] AndroidManifest.xml:11:13-13:85
90                android:name="com.google.firebase.components:com.google.firebase.analytics.ktx.FirebaseAnalyticsKtxRegistrar"
90-->[com.google.firebase:firebase-analytics-ktx:18.0.0] AndroidManifest.xml:12:17-126
91                android:value="com.google.firebase.components.ComponentRegistrar" />
91-->[com.google.firebase:firebase-analytics-ktx:18.0.0] AndroidManifest.xml:13:17-82
92            <meta-data
92-->[com.google.firebase:firebase-common-ktx:19.4.0] AndroidManifest.xml:15:13-17:85
93                android:name="com.google.firebase.components:com.google.firebase.ktx.FirebaseCommonKtxRegistrar"
93-->[com.google.firebase:firebase-common-ktx:19.4.0] AndroidManifest.xml:16:17-113
94                android:value="com.google.firebase.components.ComponentRegistrar" />
94-->[com.google.firebase:firebase-common-ktx:19.4.0] AndroidManifest.xml:17:17-82
95            <meta-data
95-->[com.google.firebase:firebase-firestore:22.0.0] AndroidManifest.xml:20:13-22:85
96                android:name="com.google.firebase.components:com.google.firebase.firestore.FirestoreRegistrar"
96-->[com.google.firebase:firebase-firestore:22.0.0] AndroidManifest.xml:21:17-111
97                android:value="com.google.firebase.components.ComponentRegistrar" />
97-->[com.google.firebase:firebase-firestore:22.0.0] AndroidManifest.xml:22:17-82
98            <meta-data
98-->[com.google.firebase:firebase-crashlytics:17.3.0] AndroidManifest.xml:18:13-20:85
99                android:name="com.google.firebase.components:com.google.firebase.crashlytics.CrashlyticsRegistrar"
99-->[com.google.firebase:firebase-crashlytics:17.3.0] AndroidManifest.xml:19:17-115
100                android:value="com.google.firebase.components.ComponentRegistrar" />
100-->[com.google.firebase:firebase-crashlytics:17.3.0] AndroidManifest.xml:20:17-82
101            <meta-data
101-->[com.google.android.gms:play-services-measurement-api:18.0.0] AndroidManifest.xml:30:13-32:85
102                android:name="com.google.firebase.components:com.google.firebase.analytics.connector.internal.AnalyticsConnectorRegistrar"
102-->[com.google.android.gms:play-services-measurement-api:18.0.0] AndroidManifest.xml:31:17-139
103                android:value="com.google.firebase.components.ComponentRegistrar" />
103-->[com.google.android.gms:play-services-measurement-api:18.0.0] AndroidManifest.xml:32:17-82
104            <meta-data
104-->[com.google.firebase:firebase-installations:16.3.4] AndroidManifest.xml:18:13-20:85
105                android:name="com.google.firebase.components:com.google.firebase.installations.FirebaseInstallationsRegistrar"
105-->[com.google.firebase:firebase-installations:16.3.4] AndroidManifest.xml:19:17-127
106                android:value="com.google.firebase.components.ComponentRegistrar" />
106-->[com.google.firebase:firebase-installations:16.3.4] AndroidManifest.xml:20:17-82
107        </service> <!-- Needs to be explicitly declared on P+ -->
108        <uses-library
108-->[com.google.android.gms:play-services-maps:17.0.0] AndroidManifest.xml:33:9-35:40
109            android:name="org.apache.http.legacy"
109-->[com.google.android.gms:play-services-maps:17.0.0] AndroidManifest.xml:34:13-50
110            android:required="false" />
110-->[com.google.android.gms:play-services-maps:17.0.0] AndroidManifest.xml:35:13-37
111
112        <activity
112-->[com.google.android.gms:play-services-base:17.0.0] AndroidManifest.xml:23:9-26:75
113            android:name="com.google.android.gms.common.api.GoogleApiActivity"
113-->[com.google.android.gms:play-services-base:17.0.0] AndroidManifest.xml:24:13-79
114            android:exported="false"
114-->[com.google.android.gms:play-services-base:17.0.0] AndroidManifest.xml:25:13-37
115            android:theme="@android:style/Theme.Translucent.NoTitleBar" />
115-->[com.google.android.gms:play-services-base:17.0.0] AndroidManifest.xml:26:13-72
116
117        <provider
117-->[com.google.firebase:firebase-common:19.4.0] AndroidManifest.xml:26:9-31:39
118            android:name="com.google.firebase.provider.FirebaseInitProvider"
118-->[com.google.firebase:firebase-common:19.4.0] AndroidManifest.xml:27:13-77
119            android:authorities="com.mlh.spot_me.firebaseinitprovider"
119-->[com.google.firebase:firebase-common:19.4.0] AndroidManifest.xml:28:13-72
120            android:directBootAware="true"
120-->[com.google.firebase:firebase-common:19.4.0] AndroidManifest.xml:29:13-43
121            android:exported="false"
121-->[com.google.firebase:firebase-common:19.4.0] AndroidManifest.xml:30:13-37
122            android:initOrder="100" />
122-->[com.google.firebase:firebase-common:19.4.0] AndroidManifest.xml:31:13-36
123
124        <receiver
124-->[com.google.android.gms:play-services-measurement:18.0.0] AndroidManifest.xml:29:9-33:20
125            android:name="com.google.android.gms.measurement.AppMeasurementReceiver"
125-->[com.google.android.gms:play-services-measurement:18.0.0] AndroidManifest.xml:30:13-85
126            android:enabled="true"
126-->[com.google.android.gms:play-services-measurement:18.0.0] AndroidManifest.xml:31:13-35
127            android:exported="false" >
127-->[com.google.android.gms:play-services-measurement:18.0.0] AndroidManifest.xml:32:13-37
128        </receiver>
129
130        <service
130-->[com.google.android.gms:play-services-measurement:18.0.0] AndroidManifest.xml:35:9-38:40
131            android:name="com.google.android.gms.measurement.AppMeasurementService"
131-->[com.google.android.gms:play-services-measurement:18.0.0] AndroidManifest.xml:36:13-84
132            android:enabled="true"
132-->[com.google.android.gms:play-services-measurement:18.0.0] AndroidManifest.xml:37:13-35
133            android:exported="false" />
133-->[com.google.android.gms:play-services-measurement:18.0.0] AndroidManifest.xml:38:13-37
134        <service
134-->[com.google.android.gms:play-services-measurement:18.0.0] AndroidManifest.xml:39:9-43:72
135            android:name="com.google.android.gms.measurement.AppMeasurementJobService"
135-->[com.google.android.gms:play-services-measurement:18.0.0] AndroidManifest.xml:40:13-87
136            android:enabled="true"
136-->[com.google.android.gms:play-services-measurement:18.0.0] AndroidManifest.xml:41:13-35
137            android:exported="false"
137-->[com.google.android.gms:play-services-measurement:18.0.0] AndroidManifest.xml:42:13-37
138            android:permission="android.permission.BIND_JOB_SERVICE" />
138-->[com.google.android.gms:play-services-measurement:18.0.0] AndroidManifest.xml:43:13-69
139
140        <meta-data
140-->[com.google.android.gms:play-services-basement:17.0.0] AndroidManifest.xml:23:9-25:69
141            android:name="com.google.android.gms.version"
141-->[com.google.android.gms:play-services-basement:17.0.0] AndroidManifest.xml:24:13-58
142            android:value="@integer/google_play_services_version" />
142-->[com.google.android.gms:play-services-basement:17.0.0] AndroidManifest.xml:25:13-66
143
144        <service
144-->[com.google.android.datatransport:transport-backend-cct:2.3.2] AndroidManifest.xml:29:9-35:19
145            android:name="com.google.android.datatransport.runtime.backends.TransportBackendDiscovery"
145-->[com.google.android.datatransport:transport-backend-cct:2.3.2] AndroidManifest.xml:30:13-103
146            android:exported="false" >
146-->[com.google.android.datatransport:transport-backend-cct:2.3.2] AndroidManifest.xml:31:13-37
147            <meta-data
147-->[com.google.android.datatransport:transport-backend-cct:2.3.2] AndroidManifest.xml:32:13-34:39
148                android:name="backend:com.google.android.datatransport.cct.CctBackendFactory"
148-->[com.google.android.datatransport:transport-backend-cct:2.3.2] AndroidManifest.xml:33:17-94
149                android:value="cct" />
149-->[com.google.android.datatransport:transport-backend-cct:2.3.2] AndroidManifest.xml:34:17-36
150        </service>
151        <service
151-->[com.google.android.datatransport:transport-runtime:2.2.5] AndroidManifest.xml:26:9-30:19
152            android:name="com.google.android.datatransport.runtime.scheduling.jobscheduling.JobInfoSchedulerService"
152-->[com.google.android.datatransport:transport-runtime:2.2.5] AndroidManifest.xml:27:13-117
153            android:exported="false"
153-->[com.google.android.datatransport:transport-runtime:2.2.5] AndroidManifest.xml:28:13-37
154            android:permission="android.permission.BIND_JOB_SERVICE" >
154-->[com.google.android.datatransport:transport-runtime:2.2.5] AndroidManifest.xml:29:13-69
155        </service>
156
157        <receiver
157-->[com.google.android.datatransport:transport-runtime:2.2.5] AndroidManifest.xml:32:9-34:40
158            android:name="com.google.android.datatransport.runtime.scheduling.jobscheduling.AlarmManagerSchedulerBroadcastReceiver"
158-->[com.google.android.datatransport:transport-runtime:2.2.5] AndroidManifest.xml:33:13-132
159            android:exported="false" />
159-->[com.google.android.datatransport:transport-runtime:2.2.5] AndroidManifest.xml:34:13-37
160    </application>
161
162</manifest>